<?xml version="1.0" encoding="UTF-8"?>
<testng-results skipped="0" failed="0" ignored="0" total="1" passed="1">
  <reporter-output>
  </reporter-output>
  <suite name="BDD Test Suite" duration-ms="24203" started-at="2017-11-03T01:47:34Z" finished-at="2017-11-03T01:47:59Z">
    <groups>
      <group name="cucumber">
        <method signature="TestRunner.feature(cucumber.api.testng.CucumberFeatureWrapper)[pri:0, instance:com.selenium.TestRunner@3ffc5af1]" name="feature" class="com.selenium.TestRunner"/>
      </group> <!-- cucumber -->
    </groups>
    <test name="Tricentis Demo Webshop Test" duration-ms="24203" started-at="2017-11-03T01:47:34Z" finished-at="2017-11-03T01:47:59Z">
      <class name="com.selenium.TestRunner">
        <test-method status="PASS" signature="setUpClass()[pri:0, instance:com.selenium.TestRunner@3ffc5af1]" name="setUpClass" is-config="true" duration-ms="580" started-at="2017-11-03T09:47:34Z" finished-at="2017-11-03T09:47:35Z">
          <reporter-output>
          </reporter-output>
        </test-method> <!-- setUpClass -->
        <test-method status="PASS" signature="feature(cucumber.api.testng.CucumberFeatureWrapper)[pri:0, instance:com.selenium.TestRunner@3ffc5af1]" name="feature" duration-ms="23399" started-at="2017-11-03T09:47:35Z" description="Runs Cucumber Feature" data-provider="features" finished-at="2017-11-03T09:47:59Z">
          <params>
            <param index="0">
              <value>
                <![CDATA[Authentication]]>
              </value>
            </param>
          </params>
          <reporter-output>
          </reporter-output>
        </test-method> <!-- feature -->
        <test-method status="PASS" signature="tearDownClass()[pri:0, instance:com.selenium.TestRunner@3ffc5af1]" name="tearDownClass" is-config="true" duration-ms="37" started-at="2017-11-03T09:47:59Z" finished-at="2017-11-03T09:47:59Z">
          <reporter-output>
          </reporter-output>
        </test-method> <!-- tearDownClass -->
      </class> <!-- com.selenium.TestRunner -->
    </test> <!-- Tricentis Demo Webshop Test -->
  </suite> <!-- BDD Test Suite -->
</testng-results>
